-------------------------------------------------------------------------------
Test set: AsteroidMining.HandlerTest
-------------------------------------------------------------------------------
Tests run: 3, Failures: 1, Errors: 0, Skipped: 0, Time elapsed: 0.007 s <<< FAILURE! - in AsteroidMining.HandlerTest
testCheckAsteroids  Time elapsed: 0.002 s  <<< FAILURE!
org.opentest4j.AssertionFailedError: expected: <true> but was: <false>
	at AsteroidMining.HandlerTest.testCheckAsteroids(HandlerTest.java:48)

