<?xml version="1.0" encoding="UTF-8"?>
<testsuite xmlns:xsi="http://www.w3.org/2001/XMLSchema-instance" xsi:noNamespaceSchemaLocation="https://maven.apache.org/surefire/maven-surefire-plugin/xsd/surefire-test-report.xsd" name="AsteroidMining.HandlerTest" time="0.007" tests="3" errors="0" skipped="0" failures="1">
  <properties>
[...]
</properties>
  <testcase name="testCheckAsteroids" classname="AsteroidMining.HandlerTest" time="0.002">
    <failure message="expected: &lt;true&gt; but was: &lt;false&gt;" type="org.opentest4j.AssertionFailedError"><![CDATA[org.opentest4j.AssertionFailedError: expected: <true> but was: <false>
	at AsteroidMining.HandlerTest.testCheckAsteroids(HandlerTest.java:48)
]]></failure>
    <system-out><![CDATA[Asteroid is in the perihelion!
]]></system-out>
  </testcase>
  <testcase name="testRemoveObject" classname="AsteroidMining.HandlerTest" time="0"/>
  <testcase name="testAddObject" classname="AsteroidMining.HandlerTest" time="0"/>
</testsuite>